{"numTotalTestSuites":2,"numPassedTestSuites":2,"numFailedTestSuites":0,"numPendingTestSuites":0,"numTotalTests":3,"numPassedTests":3,"numFailedTests":0,"numPendingTests":0,"numTodoTests":0,"snapshot":{"added":0,"failure":false,"filesAdded":0,"filesRemoved":0,"filesRemovedList":[],"filesUnmatched":0,"filesUpdated":0,"matched":0,"total":0,"unchecked":0,"uncheckedKeysByFile":[],"unmatched":0,"updated":0,"didUpdate":false},"startTime":1784487678425,"success":true,"testResults":[{"assertionResults":[{"ancestorTitles":["ensureProviderChain"],"fullName":"ensureProviderChain treats the provider as ready when it is already on the requested chain","status":"passed","title":"treats the provider as ready when it is already on the requested chain","duration":2.7069000000001324,"failureMessages":[],"meta":{}},{"ancestorTitles":["ensureProviderChain"],"fullName":"ensureProviderChain switches the provider when it is on a different configured chain","status":"passed","title":"switches the provider when it is on a different configured chain","duration":0.4533999999998741,"failureMessages":[],"meta":{}},{"ancestorTitles":["ensureProviderChain"],"fullName":"ensureProviderChain adds the chain before retrying when the provider does not know it yet","status":"passed","title":"adds the chain before retrying when the provider does not know it yet","duration":0.6065999999996166,"failureMessages":[],"meta":{}}],"startTime":1784487680846,"endTime":1784487680849.6067,"status":"passed","message":"","name":"C:/Users/Windows 11 Pro/Documents/apuestas/apps/web/src/web3/chainSwitch.test.ts"}]}